2025-03-07 00:58:07,416 - Iniciando instalação de dependências...
2025-03-07 00:58:07,417 - Instalando pip (tentativa 1/3)...
2025-03-07 00:58:13,397 - [OK] pip instalado com sucesso
2025-03-07 00:58:13,397 - Instalando wheel (tentativa 1/3)...
2025-03-07 00:58:19,462 - [OK] wheel instalado com sucesso
2025-03-07 00:58:19,462 - Instalando setuptools (tentativa 1/3)...
2025-03-07 00:58:30,737 - [OK] setuptools instalado com sucesso
2025-03-07 00:58:30,737 - Instalando protobuf (tentativa 1/3)...
2025-03-07 00:58:36,652 - [OK] protobuf instalado com sucesso
2025-03-07 00:58:36,653 - Instalando numpy (tentativa 1/3)...
2025-03-07 00:58:49,693 - [OK] numpy instalado com sucesso
2025-03-07 00:58:49,693 - Instalando pandas (tentativa 1/3)...
2025-03-07 00:59:15,459 - [OK] pandas instalado com sucesso
2025-03-07 00:59:15,459 - Instalando streamlit (tentativa 1/3)...
2025-03-07 00:59:30,216 - [OK] streamlit instalado com sucesso
2025-03-07 00:59:30,217 - Instalando plotly (tentativa 1/3)...
2025-03-07 01:02:16,178 - [OK] plotly instalado com sucesso
2025-03-07 01:02:16,179 - Instalando openpyxl (tentativa 1/3)...
2025-03-07 01:02:24,356 - [OK] openpyxl instalado com sucesso
2025-03-07 01:02:24,356 - Instalando matplotlib (tentativa 1/3)...
2025-03-07 01:02:36,630 - [OK] matplotlib instalado com sucesso
2025-03-07 01:02:36,630 - Instalando seaborn (tentativa 1/3)...
2025-03-07 01:02:42,434 - [OK] seaborn instalado com sucesso
2025-03-07 01:02:43,604 - [OK] numpy importado com sucesso
2025-03-07 01:02:46,291 - [OK] pandas importado com sucesso
2025-03-07 01:02:50,550 - [OK] streamlit importado com sucesso
2025-03-07 01:02:50,922 - [OK] plotly.express importado com sucesso
2025-03-07 01:02:50,922 - [OK] plotly.graph_objects importado com sucesso
2025-03-07 01:02:51,462 - [OK] matplotlib importado com sucesso
2025-03-07 01:03:02,082 - [OK] seaborn importado com sucesso
2025-03-07 01:03:03,478 - [OK] openpyxl importado com sucesso
2025-03-07 01:03:03,478 - [SUCESSO] Todas as dependências instaladas e verificadas
